<?xml version="1.0" encoding="UTF-8"?>
<testsuite name="Entity.SchemaTest" tests="1" skipped="0" failures="0" errors="0" timestamp="2016-05-15T12:40:23" hostname="admin-pc" time="4.064">
  <properties/>
  <testcase name="testHibernate_spring" classname="Entity.SchemaTest" time="4.064"/>
  <system-out><![CDATA[2016-05-15 20:40:23,253 -Refreshing org.springframework.context.support.ClassPathXmlApplicationContext@1d58dbf2: startup date [Sun May 15 20:40:23 CST 2016]; root of context hierarchy -INFO  -org.springframework.context.support.ClassPathXmlApplicationContext:578 -[Test worker:0ms]
 2016-05-15 20:40:23,319 -Loading XML bean definitions from class path resource [applicationContext-hibernate.xml] -INFO  -org.springframework.beans.factory.xml.XmlBeanDefinitionReader:317 -[Test worker:66ms]
 2016-05-15 20:40:23,569 -Loading XML bean definitions from class path resource [applicationContext-struts2.xml] -INFO  -org.springframework.beans.factory.xml.XmlBeanDefinitionReader:317 -[Test worker:316ms]
 2016-05-15 20:40:23,596 -Loading XML bean definitions from class path resource [applicationContext.xml] -INFO  -org.springframework.beans.factory.xml.XmlBeanDefinitionReader:317 -[Test worker:343ms]
 2016-05-15 20:40:23,621 -Loading XML bean definitions from class path resource [applicationContext-prop.xml] -INFO  -org.springframework.beans.factory.xml.XmlBeanDefinitionReader:317 -[Test worker:368ms]
 2016-05-15 20:40:23,810 -Loading properties file from class path resource [conn.properties] -INFO  -org.springframework.beans.factory.config.PropertyPlaceholderConfigurer:172 -[Test worker:557ms]
 2016-05-15 20:40:23,811 -Loading properties file from class path resource [public.properties] -INFO  -org.springframework.beans.factory.config.PropertyPlaceholderConfigurer:172 -[Test worker:558ms]
 2016-05-15 20:40:24,134 -MLog clients using log4j logging. -INFO  -com.mchange.v2.log.MLog:80 -[Test worker:881ms]
 2016-05-15 20:40:24,389 -Initializing c3p0-0.9.1.2 [built 21-May-2007 15:04:56; debug? true; trace: 10] -INFO  -com.mchange.v2.c3p0.C3P0Registry:204 -[Test worker:1136ms]
 2016-05-15 20:40:24,841 -HHH000412: Hibernate Core {5.1.0.Final} -INFO  -org.hibernate.Version:37 -[Test worker:1588ms]
 2016-05-15 20:40:24,844 -HHH000206: hibernate.properties not found -INFO  -org.hibernate.cfg.Environment:213 -[Test worker:1591ms]
 2016-05-15 20:40:24,846 -HHH000021: Bytecode provider name : javassist -INFO  -org.hibernate.cfg.Environment:317 -[Test worker:1593ms]
 2016-05-15 20:40:24,906 -HCANN000001: Hibernate Commons Annotations {5.0.1.Final} -INFO  -org.hibernate.annotations.common.Version:66 -[Test worker:1653ms]
 2016-05-15 20:40:25,428 -Initializing c3p0 pool... com.mchange.v2.c3p0.ComboPooledDataSource [ acquireIncrement -> 3, acquireRetryAttempts -> 0, acquireRetryDelay -> 1000, autoCommitOnClose -> false, automaticTestTable -> Test, breakAfterAcquireFailure -> false, checkoutTimeout -> 3000, connectionCustomizerClassName -> null, connectionTesterClassName -> com.mchange.v2.c3p0.impl.DefaultConnectionTester, dataSourceName -> 1hgecjl9g1e2a6vunzj5gq|19d9fd88, debugUnreturnedConnectionStackTraces -> false, description -> null, driverClass -> com.mysql.jdbc.Driver, factoryClassLocation -> null, forceIgnoreUnresolvedTransactions -> false, identityToken -> 1hgecjl9g1e2a6vunzj5gq|19d9fd88, idleConnectionTestPeriod -> 60, initialPoolSize -> 2, jdbcUrl -> jdbc:mysql://localhost:3306/ssh?useUnicode=true&amp;characterEncoding=UTF-8, maxAdministrativeTaskTime -> 0, maxConnectionAge -> 0, maxIdleTime -> 60, maxIdleTimeExcessConnections -> 0, maxPoolSize -> 20, maxStatements -> 100, maxStatementsPerConnection -> 0, minPoolSize -> 2, numHelperThreads -> 3, numThreadsAwaitingCheckoutDefaultUser -> 0, preferredTestQuery -> null, properties -> {user=******, password=******}, propertyCycle -> 0, testConnectionOnCheckin -> false, testConnectionOnCheckout -> false, unreturnedConnectionTimeout -> 0, usesTraditionalReflectiveProxies -> false ] -INFO  -com.mchange.v2.c3p0.impl.AbstractPoolBackedDataSource:462 -[Test worker:2175ms]
 2016-05-15 20:40:25,492 -HHH000400: Using dialect: org.hibernate.dialect.MySQL5InnoDBDialect -INFO  -org.hibernate.dialect.Dialect:156 -[Test worker:2239ms]
 2016-05-15 20:40:25,568 -HHH000424: Disabling contextual LOB creation as createClob() method threw error : java.lang.reflect.InvocationTargetException -INFO  -org.hibernate.engine.jdbc.env.internal.LobCreatorBuilderImpl:124 -[Test worker:2315ms]
 2016-05-15 20:40:26,492 -Initializing EhCache CacheManager -INFO  -org.springframework.cache.ehcache.EhCacheManagerFactoryBean:129 -[Test worker:3239ms]
 2016-05-15 20:40:26,792 -Using DataSource [com.mchange.v2.c3p0.ComboPooledDataSource [ acquireIncrement -> 3, acquireRetryAttempts -> 0, acquireRetryDelay -> 1000, autoCommitOnClose -> false, automaticTestTable -> Test, breakAfterAcquireFailure -> false, checkoutTimeout -> 3000, connectionCustomizerClassName -> null, connectionTesterClassName -> com.mchange.v2.c3p0.impl.DefaultConnectionTester, dataSourceName -> 1hgecjl9g1e2a6vunzj5gq|19d9fd88, debugUnreturnedConnectionStackTraces -> false, description -> null, driverClass -> com.mysql.jdbc.Driver, factoryClassLocation -> null, forceIgnoreUnresolvedTransactions -> false, identityToken -> 1hgecjl9g1e2a6vunzj5gq|19d9fd88, idleConnectionTestPeriod -> 60, initialPoolSize -> 2, jdbcUrl -> jdbc:mysql://localhost:3306/ssh?useUnicode=true&amp;characterEncoding=UTF-8, maxAdministrativeTaskTime -> 0, maxConnectionAge -> 0, maxIdleTime -> 60, maxIdleTimeExcessConnections -> 0, maxPoolSize -> 20, maxStatements -> 100, maxStatementsPerConnection -> 0, minPoolSize -> 2, numHelperThreads -> 3, numThreadsAwaitingCheckoutDefaultUser -> 0, preferredTestQuery -> null, properties -> {user=******, password=******}, propertyCycle -> 0, testConnectionOnCheckin -> false, testConnectionOnCheckout -> false, unreturnedConnectionTimeout -> 0, usesTraditionalReflectiveProxies -> false ]] of Hibernate SessionFactory for HibernateTransactionManager -INFO  -org.springframework.orm.hibernate5.HibernateTransactionManager:357 -[Test worker:3539ms]
 =====sendAction==========
=====注入sessionFactory===========
Hibernate: 
    insert 
    into
        Person
        (date, name, password, test) 
    values
        (?, ?, ?, ?)
]]></system-out>
  <system-err><![CDATA[]]></system-err>
</testsuite>
