<?xml version="1.0" encoding="UTF-8"?>
<testsuite name="Util.SendMailUtilTest" tests="1" skipped="0" failures="0" errors="0" timestamp="2016-05-15T12:40:27" hostname="admin-pc" time="3.02">
  <properties/>
  <testcase name="sendEmail" classname="Util.SendMailUtilTest" time="3.02"/>
  <system-out><![CDATA[]]></system-out>
  <system-err><![CDATA[]]></system-err>
</testsuite>
